<?xml version="1.0" encoding="UTF-8"?>
<testng-results skipped="0" failed="0" total="1" passed="1">
  <reporter-output>
  </reporter-output>
  <suite name="Suite" duration-ms="100690" started-at="2019-10-30T15:21:48Z" finished-at="2019-10-30T15:23:28Z">
    <groups>
    </groups>
    <test name="Test" duration-ms="100690" started-at="2019-10-30T15:21:48Z" finished-at="2019-10-30T15:23:28Z">
      <class name="SalesForce.TC_5347_MVP_Minimaler_End2End_Test_case">
        <test-method status="PASS" signature="initialize()[pri:0, instance:SalesForce.TC_5347_MVP_Minimaler_End2End_Test_case@498d318c]" name="initialize" is-config="true" duration-ms="35814" started-at="2019-10-30T16:21:48Z" finished-at="2019-10-30T16:22:23Z">
          <reporter-output>
          </reporter-output>
        </test-method> <!-- initialize -->
        <test-method status="PASS" signature="TC_5347_MVP_Minimaler_End2End_Test_case()[pri:0, instance:SalesForce.TC_5347_MVP_Minimaler_End2End_Test_case@498d318c]" name="TC_5347_MVP_Minimaler_End2End_Test_case" duration-ms="64860" started-at="2019-10-30T16:22:23Z" finished-at="2019-10-30T16:23:28Z">
          <reporter-output>
          </reporter-output>
        </test-method> <!-- TC_5347_MVP_Minimaler_End2End_Test_case -->
      </class> <!-- SalesForce.TC_5347_MVP_Minimaler_End2End_Test_case -->
    </test> <!-- Test -->
  </suite> <!-- Suite -->
</testng-results>
